<?xml version="1.0" encoding="UTF-8"?>
<!-- Generated by org.testng.reporters.JUnitReportReporter -->
<testsuite hostname="DESKTOP-VCP4AV6" failures="0" tests="2" name="TestNG_pkg.NewTest" time="0.019" errors="0" timestamp="2022-05-01T10:54:34 IST" skipped="0">
  <testcase classname="TestNG_pkg.NewTest" name="f" time="0.012"/>
  <system-out/>
  <testcase classname="TestNG_pkg.NewTest" name="f" time="0.007"/>
  <system-out/>
</testsuite> <!-- TestNG_pkg.NewTest -->
